This is pdfTeX, Version 3.14159265-2.6-1.40.18 (TeX Live 2017/Debian) (preloaded format=pdflatex 2018.10.30)  6 NOV 2018 15:48
entering extended mode
 restricted \write18 enabled.
 %&-line parsing enabled.
**guia_ayuda.tex
(./guia_ayuda.tex
LaTeX2e <2017-04-15>
Babel <3.18> and hyphenation patterns for 3 language(s) loaded.
(/usr/share/texlive/texmf-dist/tex/latex/base/article.cls
Document Class: article 2014/09/29 v1.4h Standard LaTeX document class
(/usr/share/texlive/texmf-dist/tex/latex/base/size10.clo
File: size10.clo 2014/09/29 v1.4h Standard LaTeX file (size option)
)
\c@part=\count79
\c@section=\count80
\c@subsection=\count81
\c@subsubsection=\count82
\c@paragraph=\count83
\c@subparagraph=\count84
\c@figure=\count85
\c@table=\count86
\abovecaptionskip=\skip41
\belowcaptionskip=\skip42
\bibindent=\dimen102
)
(/usr/share/texlive/texmf-dist/tex/latex/graphics/graphicx.sty
Package: graphicx 2017/06/01 v1.1a Enhanced LaTeX Graphics (DPC,SPQR)

(/usr/share/texlive/texmf-dist/tex/latex/graphics/keyval.sty
Package: keyval 2014/10/28 v1.15 key=value parser (DPC)
\KV@toks@=\toks14
)
(/usr/share/texlive/texmf-dist/tex/latex/graphics/graphics.sty
Package: graphics 2017/06/25 v1.2c Standard LaTeX Graphics (DPC,SPQR)

(/usr/share/texlive/texmf-dist/tex/latex/graphics/trig.sty
Package: trig 2016/01/03 v1.10 sin cos tan (DPC)
)
(/usr/share/texlive/texmf-dist/tex/latex/graphics-cfg/graphics.cfg
File: graphics.cfg 2016/06/04 v1.11 sample graphics configuration
)
Package graphics Info: Driver file: pdftex.def on input line 99.

(/usr/share/texlive/texmf-dist/tex/latex/graphics-def/pdftex.def
File: pdftex.def 2018/01/08 v1.0l Graphics/color driver for pdftex
))
\Gin@req@height=\dimen103
\Gin@req@width=\dimen104
)
(/usr/share/texlive/texmf-dist/tex/latex/subfig/subfig.sty
Package: subfig 2005/06/28 ver: 1.3 subfig package

(/usr/share/texlive/texmf-dist/tex/latex/caption/caption.sty
Package: caption 2016/02/21 v3.3-144 Customizing captions (AR)

(/usr/share/texlive/texmf-dist/tex/latex/caption/caption3.sty
Package: caption3 2016/05/22 v1.7-166 caption3 kernel (AR)
Package caption3 Info: TeX engine: e-TeX on input line 67.
\captionmargin=\dimen105
\captionmargin@=\dimen106
\captionwidth=\dimen107
\caption@tempdima=\dimen108
\caption@indent=\dimen109
\caption@parindent=\dimen110
\caption@hangindent=\dimen111
)
\c@ContinuedFloat=\count87
)
\c@KVtest=\count88
\sf@farskip=\skip43
\sf@captopadj=\dimen112
\sf@capskip=\skip44
\sf@nearskip=\skip45
\c@subfigure=\count89
\c@subfigure@save=\count90
\c@lofdepth=\count91
\c@subtable=\count92
\c@subtable@save=\count93
\c@lotdepth=\count94
\sf@top=\skip46
\sf@bottom=\skip47
)
(/usr/share/texlive/texmf-dist/tex/latex/listings/listings.sty
\lst@mode=\count95
\lst@gtempboxa=\box26
\lst@token=\toks15
\lst@length=\count96
\lst@currlwidth=\dimen113
\lst@column=\count97
\lst@pos=\count98
\lst@lostspace=\dimen114
\lst@width=\dimen115
\lst@newlines=\count99
\lst@lineno=\count100
\lst@maxwidth=\dimen116

(/usr/share/texlive/texmf-dist/tex/latex/listings/lstmisc.sty
File: lstmisc.sty 2015/06/04 1.6 (Carsten Heinz)
\c@lstnumber=\count101
\lst@skipnumbers=\count102
\lst@framebox=\box27
)
(/usr/share/texlive/texmf-dist/tex/latex/listings/listings.cfg
File: listings.cfg 2015/06/04 1.6 listings configuration
))
Package: listings 2015/06/04 1.6 (Carsten Heinz)

(./guia_ayuda.aux)
\openout1 = `guia_ayuda.aux'.

LaTeX Font Info:    Checking defaults for OML/cmm/m/it on input line 10.
LaTeX Font Info:    ... okay on input line 10.
LaTeX Font Info:    Checking defaults for T1/cmr/m/n on input line 10.
LaTeX Font Info:    ... okay on input line 10.
LaTeX Font Info:    Checking defaults for OT1/cmr/m/n on input line 10.
LaTeX Font Info:    ... okay on input line 10.
LaTeX Font Info:    Checking defaults for OMS/cmsy/m/n on input line 10.
LaTeX Font Info:    ... okay on input line 10.
LaTeX Font Info:    Checking defaults for OMX/cmex/m/n on input line 10.
LaTeX Font Info:    ... okay on input line 10.
LaTeX Font Info:    Checking defaults for U/cmr/m/n on input line 10.
LaTeX Font Info:    ... okay on input line 10.

(/usr/share/texlive/texmf-dist/tex/context/base/mkii/supp-pdf.mkii
[Loading MPS to PDF converter (version 2006.09.02).]
\scratchcounter=\count103
\scratchdimen=\dimen117
\scratchbox=\box28
\nofMPsegments=\count104
\nofMParguments=\count105
\everyMPshowfont=\toks16
\MPscratchCnt=\count106
\MPscratchDim=\dimen118
\MPnumerator=\count107
\makeMPintoPDFobject=\count108
\everyMPtoPDFconversion=\toks17
) (/usr/share/texlive/texmf-dist/tex/latex/oberdiek/epstopdf-base.sty
Package: epstopdf-base 2016/05/15 v2.6 Base part for package epstopdf

(/usr/share/texlive/texmf-dist/tex/generic/oberdiek/infwarerr.sty
Package: infwarerr 2016/05/16 v1.4 Providing info/warning/error messages (HO)
)
(/usr/share/texlive/texmf-dist/tex/latex/oberdiek/grfext.sty
Package: grfext 2016/05/16 v1.2 Manage graphics extensions (HO)

(/usr/share/texlive/texmf-dist/tex/generic/oberdiek/kvdefinekeys.sty
Package: kvdefinekeys 2016/05/16 v1.4 Define keys (HO)

(/usr/share/texlive/texmf-dist/tex/generic/oberdiek/ltxcmds.sty
Package: ltxcmds 2016/05/16 v1.23 LaTeX kernel commands for general use (HO)
)))
(/usr/share/texlive/texmf-dist/tex/latex/oberdiek/kvoptions.sty
Package: kvoptions 2016/05/16 v3.12 Key value format for package options (HO)

(/usr/share/texlive/texmf-dist/tex/generic/oberdiek/kvsetkeys.sty
Package: kvsetkeys 2016/05/16 v1.17 Key value parser (HO)

(/usr/share/texlive/texmf-dist/tex/generic/oberdiek/etexcmds.sty
Package: etexcmds 2016/05/16 v1.6 Avoid name clashes with e-TeX commands (HO)

(/usr/share/texlive/texmf-dist/tex/generic/oberdiek/ifluatex.sty
Package: ifluatex 2016/05/16 v1.4 Provides the ifluatex switch (HO)
Package ifluatex Info: LuaTeX not detected.
)
Package etexcmds Info: Could not find \expanded.
(etexcmds)             That can mean that you are not using pdfTeX 1.50 or
(etexcmds)             that some package has redefined \expanded.
(etexcmds)             In the latter case, load this package earlier.
)))
(/usr/share/texlive/texmf-dist/tex/generic/oberdiek/pdftexcmds.sty
Package: pdftexcmds 2018/01/21 v0.26 Utility functions of pdfTeX for LuaTeX (HO
)

(/usr/share/texlive/texmf-dist/tex/generic/oberdiek/ifpdf.sty
Package: ifpdf 2017/03/15 v3.2 Provides the ifpdf switch
)
Package pdftexcmds Info: LuaTeX not detected.
Package pdftexcmds Info: \pdf@primitive is available.
Package pdftexcmds Info: \pdf@ifprimitive is available.
Package pdftexcmds Info: \pdfdraftmode found.
)
Package epstopdf-base Info: Redefining graphics rule for `.eps' on input line 4
38.
Package grfext Info: Graphics extension search list:
(grfext)             [.pdf,.png,.jpg,.mps,.jpeg,.jbig2,.jb2,.PDF,.PNG,.JPG,.JPE
G,.JBIG2,.JB2,.eps]
(grfext)             \AppendGraphicsExtensions on input line 456.

(/usr/share/texlive/texmf-dist/tex/latex/latexconfig/epstopdf-sys.cfg
File: epstopdf-sys.cfg 2010/07/13 v1.3 Configuration of (r)epstopdf for TeX Liv
e
))
Package caption Info: Begin \AtBeginDocument code.
Package caption Info: subfig package v1.3 is loaded.
Package caption Info: listings package is loaded.
Package caption Info: End \AtBeginDocument code.
\c@lstlisting=\count109
LaTeX Font Info:    External font `cmex10' loaded for size
(Font)              <12> on input line 12.
LaTeX Font Info:    External font `cmex10' loaded for size
(Font)              <8> on input line 12.
LaTeX Font Info:    External font `cmex10' loaded for size
(Font)              <6> on input line 12.
Missing character: There is no Ã in font cmr9!
Missing character: There is no ¡ in font cmr9!
LaTeX Font Info:    External font `cmex10' loaded for size
(Font)              <9> on input line 19.
LaTeX Font Info:    External font `cmex10' loaded for size
(Font)              <5> on input line 19.
LaTeX Font Info:    External font `cmex10' loaded for size
(Font)              <7> on input line 23.

Underfull \hbox (badness 10000) in paragraph at lines 26--27

 []

Missing character: There is no Ã in font cmr10!
Missing character: There is no ¡ in font cmr10!

Underfull \hbox (badness 10000) in paragraph at lines 28--29

 []

Missing character: There is no Ã in font cmr10!
Missing character: There is no © in font cmr10!
[1

{/var/lib/texmf/fonts/map/pdftex/updmap/pdftex.map}]
Missing character: There is no Ã in font cmr10!
Missing character: There is no ³ in font cmr10!
Missing character: There is no Ã in font cmr10!
Missing character: There is no ­ in font cmr10!

Overfull \hbox (3.69295pt too wide) in paragraph at lines 97--99
\OT1/cmr/m/n/10 An^^Salogamente con-fig-u-ramos el slavePIC con el valor FF par
a no ha-bil-i-tar ninguna
 []

[2]
Underfull \hbox (badness 10000) in paragraph at lines 122--126

 []


Underfull \hbox (badness 10000) in paragraph at lines 142--143

 []

[3]
Overfull \hbox (61.11185pt too wide) in paragraph at lines 153--181
 [] 
 []


Underfull \hbox (badness 10000) in paragraph at lines 184--186

 []

[4]
Underfull \hbox (badness 10000) in paragraph at lines 233--234

 []


Underfull \hbox (badness 10000) in paragraph at lines 235--236

 []

[5]
Underfull \hbox (badness 10000) in paragraph at lines 237--238

 []


Underfull \hbox (badness 10000) in paragraph at lines 239--240

 []


Underfull \hbox (badness 10000) in paragraph at lines 251--252

 []


Underfull \hbox (badness 10000) in paragraph at lines 253--254

 []


Underfull \hbox (badness 10000) in paragraph at lines 255--256

 []


Overfull \hbox (51.50061pt too wide) in paragraph at lines 257--266
[][] 
 []


Underfull \hbox (badness 10000) in paragraph at lines 269--270

 []


Underfull \hbox (badness 10000) in paragraph at lines 271--272

 []

[6]
Underfull \hbox (badness 10000) in paragraph at lines 276--277

 []


Underfull \hbox (badness 10000) in paragraph at lines 278--279

 []


Underfull \hbox (badness 10000) in paragraph at lines 285--286

 []

(/usr/share/texlive/texmf-dist/tex/latex/listings/lstlang1.sty
File: lstlang1.sty 2015/06/04 1.6 listings language file
)
(/usr/share/texlive/texmf-dist/tex/latex/listings/lstmisc.sty
File: lstmisc.sty 2015/06/04 1.6 (Carsten Heinz)
)
LaTeX Font Info:    Try loading font information for OML+cmr on input line 288.


(/usr/share/texlive/texmf-dist/tex/latex/base/omlcmr.fd
File: omlcmr.fd 2014/09/29 v2.5h Standard LaTeX font definitions
)
LaTeX Font Info:    Font shape `OML/cmr/m/n' in size <10> not available
(Font)              Font shape `OML/cmm/m/it' tried instead on input line 288.
LaTeX Font Info:    Try loading font information for OMS+cmr on input line 288.


(/usr/share/texlive/texmf-dist/tex/latex/base/omscmr.fd
File: omscmr.fd 2014/09/29 v2.5h Standard LaTeX font definitions
)
LaTeX Font Info:    Font shape `OMS/cmr/m/n' in size <10> not available
(Font)              Font shape `OMS/cmsy/m/n' tried instead on input line 288.

Overfull \hbox (3.00354pt too wide) in paragraph at lines 293--294
[][][][][][][][][][][] 
 []


Overfull \hbox (19.3617pt too wide) in paragraph at lines 299--300
[]\OT1/cmr/m/n/10 Obviamente pode-mos ver que esto no es muy efi-ciente ya que 
maneja $[]$. 
 []


Underfull \hbox (badness 10000) in paragraph at lines 299--300

 []

[7]
Underfull \hbox (badness 10000) in paragraph at lines 313--314

 []


Underfull \hbox (badness 10000) in paragraph at lines 319--320

 []


Underfull \hbox (badness 10000) in paragraph at lines 321--322

 []


Underfull \hbox (badness 10000) in paragraph at lines 323--324

 []


Underfull \hbox (badness 10000) in paragraph at lines 332--333

 []

[8]
Underfull \hbox (badness 10000) in paragraph at lines 334--335

 []

<screenshot001.png, id=39, 262.73157pt x 295.1025pt>
File: screenshot001.png Graphic file (type png)
<use screenshot001.png>
Package pdftex.def Info: screenshot001.png  used on input line 342.
(pdftex.def)             Requested size: 172.5pt x 193.75958pt.
<screenshot002.png, id=41, 262.73157pt x 417.05812pt>
File: screenshot002.png Graphic file (type png)
<use screenshot002.png>
Package pdftex.def Info: screenshot002.png  used on input line 343.
(pdftex.def)             Requested size: 137.9979pt x 219.06061pt.

Underfull \hbox (badness 10000) in paragraph at lines 348--349

 []


Underfull \hbox (badness 10000) in paragraph at lines 350--351

 []

[9 <./screenshot001.png> <./screenshot002.png>]
Missing character: There is no Ã in font cmr10!
Missing character: There is no ± in font cmr10!

Underfull \hbox (badness 10000) in paragraph at lines 352--353

 []


Underfull \hbox (badness 10000) in paragraph at lines 374--375

 []


Underfull \hbox (badness 10000) in paragraph at lines 376--377

 []

[10] [11] (./guia_ayuda.aux) ) 
Here is how much of TeX's memory you used:
 4052 strings out of 494923
 62853 string characters out of 6180741
 133868 words of memory out of 5000000
 7335 multiletter control sequences out of 15000+600000
 9806 words of font info for 34 fonts, out of 8000000 for 9000
 14 hyphenation exceptions out of 8191
 44i,9n,51p,495b,1215s stack positions out of 5000i,500n,10000p,200000b,80000s
</usr/share/texlive/texmf-dist/fonts/type1/public
/amsfonts/cm/cmbx10.pfb></usr/share/texlive/texmf-dist/fonts/type1/public/amsfo
nts/cm/cmbx12.pfb></usr/share/texlive/texmf-dist/fonts/type1/public/amsfonts/cm
/cmbx9.pfb></usr/share/texlive/texmf-dist/fonts/type1/public/amsfonts/cm/cmmi10
.pfb></usr/share/texlive/texmf-dist/fonts/type1/public/amsfonts/cm/cmr10.pfb></
usr/share/texlive/texmf-dist/fonts/type1/public/amsfonts/cm/cmr12.pfb></usr/sha
re/texlive/texmf-dist/fonts/type1/public/amsfonts/cm/cmr17.pfb></usr/share/texl
ive/texmf-dist/fonts/type1/public/amsfonts/cm/cmr8.pfb></usr/share/texlive/texm
f-dist/fonts/type1/public/amsfonts/cm/cmr9.pfb></usr/share/texlive/texmf-dist/f
onts/type1/public/amsfonts/cm/cmsy10.pfb></usr/share/texlive/texmf-dist/fonts/t
ype1/public/amsfonts/cm/cmti10.pfb></usr/share/texlive/texmf-dist/fonts/type1/p
ublic/amsfonts/cm/cmti9.pfb>
Output written on guia_ayuda.pdf (11 pages, 179591 bytes).
PDF statistics:
 93 PDF objects out of 1000 (max. 8388607)
 63 compressed objects within 1 object stream
 0 named destinations out of 1000 (max. 500000)
 11 words of extra memory for PDF output out of 10000 (max. 10000000)

